[2023-01-24 10:13:57]--[src_cgi/login_cgi.c:292]--buf = {"user":"root","pwd":"63a9f0ea7bb98050796b649e85481845"}
[2023-01-24 10:13:57]--[src_cgi/login_cgi.c:298]--username = root, pwd = 63a9f0ea7bb98050796b649e85481845
[2023-01-24 10:13:57]--[src_cgi/login_cgi.c:105]--mysql_user = root, mysql_pwd = 123456, mysql_db = tuchuang
[2023-01-24 10:13:57]--[src_cgi/login_cgi.c:165]--redis:[ip=127.0.0.1,port=6379]
[2023-01-24 10:13:57]--[src_cgi/login_cgi.c:189]--tmp = root87268139377
[2023-01-24 10:13:57]--[src_cgi/login_cgi.c:205]--base64 = do1O3hske5g6nVEhPZpgVg==
[2023-01-24 10:13:57]--[src_cgi/login_cgi.c:307]--token = a7acc6572c8dae43ecdb378a5896b12a
[2023-01-24 10:14:12]--[src_cgi/login_cgi.c:292]--buf = {"user":"root","pwd":"63a9f0ea7bb98050796b649e85481845"}
[2023-01-24 10:14:12]--[src_cgi/login_cgi.c:298]--username = root, pwd = 63a9f0ea7bb98050796b649e85481845
[2023-01-24 10:14:12]--[src_cgi/login_cgi.c:105]--mysql_user = root, mysql_pwd = 123456, mysql_db = tuchuang
[2023-01-24 10:14:12]--[src_cgi/login_cgi.c:165]--redis:[ip=127.0.0.1,port=6379]
[2023-01-24 10:14:12]--[src_cgi/login_cgi.c:189]--tmp = root58790451740
[2023-01-24 10:14:12]--[src_cgi/login_cgi.c:205]--base64 = CQx4lzJk+CmumDqOa5eVWw==
[2023-01-24 10:14:12]--[src_cgi/login_cgi.c:307]--token = 36f2a71e13d3a66401ce384775c12694
[2023-01-24 10:15:04]--[src_cgi/login_cgi.c:292]--buf = {"user":"root","pwd":"63a9f0ea7bb98050796b649e85481845"}
[2023-01-24 10:15:04]--[src_cgi/login_cgi.c:298]--username = root, pwd = 63a9f0ea7bb98050796b649e85481845
[2023-01-24 10:15:04]--[src_cgi/login_cgi.c:105]--mysql_user = root, mysql_pwd = 123456, mysql_db = tuchuang
[2023-01-24 10:15:04]--[src_cgi/login_cgi.c:165]--redis:[ip=127.0.0.1,port=6379]
[2023-01-24 10:15:04]--[src_cgi/login_cgi.c:189]--tmp = root309677102608
[2023-01-24 10:15:04]--[src_cgi/login_cgi.c:205]--base64 = uXLMoAQ6GDFIDK8g0vlbaC0ZxLNK7pNJ
[2023-01-24 10:15:04]--[src_cgi/login_cgi.c:307]--token = 831950fb7765930d851d4dc97e4e9af1
[2023-01-24 10:16:12]--[src_cgi/login_cgi.c:292]--buf = {"user":"admin","pwd":"21232f297a57a5a743894a0e4a801fc3"}
[2023-01-24 10:16:12]--[src_cgi/login_cgi.c:298]--username = admin, pwd = 21232f297a57a5a743894a0e4a801fc3
[2023-01-24 10:16:12]--[src_cgi/login_cgi.c:105]--mysql_user = root, mysql_pwd = 123456, mysql_db = tuchuang
[2023-01-24 10:16:12]--[src_cgi/login_cgi.c:165]--redis:[ip=127.0.0.1,port=6379]
[2023-01-24 10:16:12]--[src_cgi/login_cgi.c:189]--tmp = admin76393674150
[2023-01-24 10:16:12]--[src_cgi/login_cgi.c:205]--base64 = UIA/K+ydXwDYgg+m/Dy+oy0ZxLNK7pNJ
[2023-01-24 10:16:12]--[src_cgi/login_cgi.c:307]--token = f795827936580d5c5f925df66d3efe41
[2023-01-24 10:18:43]--[src_cgi/login_cgi.c:292]--buf = {"user":"root","pwd":"63a9f0ea7bb98050796b649e85481845"}
[2023-01-24 10:18:43]--[src_cgi/login_cgi.c:298]--username = root, pwd = 63a9f0ea7bb98050796b649e85481845
[2023-01-24 10:18:43]--[src_cgi/login_cgi.c:105]--mysql_user = root, mysql_pwd = 123456, mysql_db = tuchuang
[2023-01-24 10:18:43]--[src_cgi/login_cgi.c:165]--redis:[ip=127.0.0.1,port=6379]
[2023-01-24 10:18:43]--[src_cgi/login_cgi.c:189]--tmp = root14684196512
[2023-01-24 10:18:43]--[src_cgi/login_cgi.c:205]--base64 = Ksd4GH9OmT0FMRAqOUxBTA==
[2023-01-24 10:18:43]--[src_cgi/login_cgi.c:307]--token = 460cb5a7e1d76144012e56edfd7bd049
